Welcome
26/03/2022 21:01:28 - Experiment D=6, snr=0.2, N=16, MAX_LAYERS=20, MAX_EPOCHS=1000
26/03/2022 21:01:28 - Creating QNN
26/03/2022 21:01:29 - Start training
....................
26/03/2022 21:05:04 - Start NTK PK calculation
26/03/2022 21:06:30 - Creating QNN
26/03/2022 21:06:30 - Start training
....................
26/03/2022 21:11:05 - Start NTK PK calculation
26/03/2022 21:12:37 - Creating QNN
26/03/2022 21:12:37 - Start training
....................
26/03/2022 21:19:03 - Start NTK PK calculation
26/03/2022 21:24:52 - Creating QNN
26/03/2022 21:24:52 - Start training
....................
26/03/2022 21:33:15 - Start NTK PK calculation
26/03/2022 21:49:35 - Creating QNN
26/03/2022 21:49:35 - Start training
....................
26/03/2022 21:59:50 - Start NTK PK calculation
26/03/2022 22:17:17 - Creating QNN
26/03/2022 22:17:17 - Start training
....................
26/03/2022 22:29:48 - Start NTK PK calculation
26/03/2022 23:02:50 - Creating QNN
26/03/2022 23:02:50 - Start training
....................
26/03/2022 23:17:29 - Start NTK PK calculation
26/03/2022 23:48:10 - Creating QNN
26/03/2022 23:48:10 - Start training
....................
27/03/2022 00:04:49 - Start NTK PK calculation
27/03/2022 00:33:57 - Creating QNN
27/03/2022 00:33:57 - Start training
....................
27/03/2022 00:52:28 - Start NTK PK calculation
27/03/2022 01:28:51 - Creating QNN
27/03/2022 01:28:51 - Start training
....................
27/03/2022 01:49:32 - Start NTK PK calculation
27/03/2022 04:06:06 - Creating QNN
27/03/2022 04:06:06 - Start training
....................
27/03/2022 04:28:59 - Start NTK PK calculation
27/03/2022 05:57:09 - Creating QNN
27/03/2022 05:57:09 - Start training
....................
27/03/2022 06:22:10 - Start NTK PK calculation
27/03/2022 06:58:51 - Creating QNN
27/03/2022 06:58:51 - Start training
....................
27/03/2022 07:26:00 - Start NTK PK calculation
27/03/2022 08:48:25 - Creating QNN
27/03/2022 08:48:25 - Start training
....................
27/03/2022 09:17:55 - Start NTK PK calculation
27/03/2022 10:58:08 - Creating QNN
27/03/2022 10:58:08 - Start training
....................
27/03/2022 11:29:51 - Start NTK PK calculation
27/03/2022 12:41:17 - Creating QNN
27/03/2022 12:41:17 - Start training
....................
27/03/2022 13:15:19 - Start NTK PK calculation
27/03/2022 15:02:28 - Creating QNN
27/03/2022 15:02:28 - Start training
....................
27/03/2022 15:38:37 - Start NTK PK calculation
27/03/2022 17:45:57 - Creating QNN
27/03/2022 17:45:57 - Start training
....................
27/03/2022 18:24:20 - Start NTK PK calculation
27/03/2022 21:31:25 - Creating QNN
27/03/2022 21:31:25 - Start training
....................
27/03/2022 22:12:25 - Start NTK PK calculation
28/03/2022 00:33:04 - Creating QNN
28/03/2022 00:33:04 - Start training
....................
28/03/2022 01:16:07 - Start NTK PK calculation
