Welcome
29/03/2022 07:59:05 - Experiment D=5, snr=0.5, N=16, MAX_LAYERS=20, MAX_EPOCHS=1000
29/03/2022 07:59:05 - Creating QNN
29/03/2022 07:59:06 - Start training
....................
29/03/2022 08:03:43 - Start NTK PK calculation
29/03/2022 08:04:28 - Creating QNN
29/03/2022 08:04:28 - Start training
....................
29/03/2022 08:09:49 - Start NTK PK calculation
29/03/2022 08:13:53 - Creating QNN
29/03/2022 08:13:53 - Start training
....................
29/03/2022 08:20:59 - Start NTK PK calculation
29/03/2022 08:29:43 - Creating QNN
29/03/2022 08:29:43 - Start training
....................
29/03/2022 08:38:27 - Start NTK PK calculation
29/03/2022 08:52:45 - Creating QNN
29/03/2022 08:52:45 - Start training
....................
29/03/2022 09:03:18 - Start NTK PK calculation
29/03/2022 09:14:50 - Creating QNN
29/03/2022 09:14:50 - Start training
....................
29/03/2022 09:27:06 - Start NTK PK calculation
29/03/2022 09:54:14 - Creating QNN
29/03/2022 09:54:14 - Start training
....................
29/03/2022 10:08:31 - Start NTK PK calculation
29/03/2022 10:35:12 - Creating QNN
29/03/2022 10:35:12 - Start training
....................
29/03/2022 10:50:35 - Start NTK PK calculation
29/03/2022 11:21:33 - Creating QNN
29/03/2022 11:21:33 - Start training
....................
29/03/2022 11:38:32 - Start NTK PK calculation
29/03/2022 12:13:32 - Creating QNN
29/03/2022 12:13:32 - Start training
....................
29/03/2022 12:32:21 - Start NTK PK calculation
29/03/2022 13:01:25 - Creating QNN
29/03/2022 13:01:25 - Start training
....................
29/03/2022 13:22:03 - Start NTK PK calculation
29/03/2022 13:57:19 - Creating QNN
29/03/2022 13:57:19 - Start training
....................
29/03/2022 14:20:03 - Start NTK PK calculation
29/03/2022 14:56:42 - Creating QNN
29/03/2022 14:56:42 - Start training
....................
29/03/2022 15:20:49 - Start NTK PK calculation
29/03/2022 15:56:13 - Creating QNN
29/03/2022 15:56:13 - Start training
....................
29/03/2022 16:22:25 - Start NTK PK calculation
29/03/2022 16:58:49 - Creating QNN
29/03/2022 16:58:49 - Start training
....................
29/03/2022 17:28:23 - Start NTK PK calculation
29/03/2022 18:46:27 - Creating QNN
29/03/2022 18:46:27 - Start training
....................
29/03/2022 19:17:55 - Start NTK PK calculation
29/03/2022 20:12:39 - Creating QNN
29/03/2022 20:12:39 - Start training
....................
29/03/2022 20:46:57 - Start NTK PK calculation
29/03/2022 21:28:45 - Creating QNN
29/03/2022 21:28:45 - Start training
....................
29/03/2022 22:03:29 - Start NTK PK calculation
29/03/2022 22:46:26 - Creating QNN
29/03/2022 22:46:26 - Start training
....................
29/03/2022 23:23:04 - Start NTK PK calculation
30/03/2022 00:13:11 - Creating QNN
30/03/2022 00:13:11 - Start training
....................
30/03/2022 00:51:43 - Start NTK PK calculation
