Welcome
30/03/2022 11:27:32 - Experiment D=8, snr=0.5, N=16, loss=bce, MAX_LAYERS=20, MAX_EPOCHS=1000

30/03/2022 11:27:32 - Creating QNN (1 layers)
30/03/2022 11:27:33 - Start training
....................
30/03/2022 11:33:17 - Start NTK PK calculation
30/03/2022 11:34:36 - End QNN

30/03/2022 11:34:36 - Creating QNN (2 layers)
30/03/2022 11:34:36 - Start training
....................
30/03/2022 11:42:25 - Start NTK PK calculation
30/03/2022 11:49:00 - End QNN

30/03/2022 11:49:00 - Creating QNN (3 layers)
30/03/2022 11:49:00 - Start training
....................
30/03/2022 11:59:37 - Start NTK PK calculation
30/03/2022 12:11:36 - End QNN

30/03/2022 12:11:36 - Creating QNN (4 layers)
30/03/2022 12:11:36 - Start training
....................
30/03/2022 12:25:04 - Start NTK PK calculation
30/03/2022 12:47:50 - End QNN

30/03/2022 12:47:50 - Creating QNN (5 layers)
30/03/2022 12:47:50 - Start training
....................
30/03/2022 13:04:42 - Start NTK PK calculation
30/03/2022 13:33:13 - End QNN

30/03/2022 13:33:13 - Creating QNN (6 layers)
30/03/2022 13:33:13 - Start training
....................
30/03/2022 13:52:44 - Start NTK PK calculation
30/03/2022 14:22:21 - End QNN

30/03/2022 14:22:21 - Creating QNN (7 layers)
30/03/2022 14:22:21 - Start training
....................
30/03/2022 14:44:08 - Start NTK PK calculation
30/03/2022 15:45:59 - End QNN

30/03/2022 15:45:59 - Creating QNN (8 layers)
30/03/2022 15:45:59 - Start training
....................
30/03/2022 16:11:25 - Start NTK PK calculation
30/03/2022 16:54:39 - End QNN

30/03/2022 16:54:39 - Creating QNN (9 layers)
30/03/2022 16:54:39 - Start training
....................
30/03/2022 17:23:29 - Start NTK PK calculation
30/03/2022 18:12:00 - End QNN

30/03/2022 18:12:01 - Creating QNN (10 layers)
30/03/2022 18:12:01 - Start training
....................
30/03/2022 18:43:38 - Start NTK PK calculation
30/03/2022 19:46:13 - End QNN

30/03/2022 19:46:13 - Creating QNN (11 layers)
30/03/2022 19:46:13 - Start training
....................
30/03/2022 20:21:32 - Start NTK PK calculation
30/03/2022 21:49:44 - End QNN

30/03/2022 21:49:44 - Creating QNN (12 layers)
30/03/2022 21:49:44 - Start training
....................
30/03/2022 22:28:07 - Start NTK PK calculation
30/03/2022 23:48:33 - End QNN

30/03/2022 23:48:33 - Creating QNN (13 layers)
30/03/2022 23:48:33 - Start training
....................
31/03/2022 00:29:22 - Start NTK PK calculation
31/03/2022 01:50:16 - End QNN

31/03/2022 01:50:16 - Creating QNN (14 layers)
31/03/2022 01:50:16 - Start training
....................
31/03/2022 02:33:06 - Start NTK PK calculation
31/03/2022 03:31:28 - End QNN

31/03/2022 03:31:28 - Creating QNN (15 layers)
31/03/2022 03:31:28 - Start training
....................
31/03/2022 04:18:00 - Start NTK PK calculation
31/03/2022 07:35:16 - End QNN

31/03/2022 07:35:16 - Creating QNN (16 layers)
31/03/2022 07:35:16 - Start training
....................
31/03/2022 08:25:15 - Start NTK PK calculation
31/03/2022 09:52:41 - End QNN

31/03/2022 09:52:42 - Creating QNN (17 layers)
31/03/2022 09:52:42 - Start training
....................
31/03/2022 10:45:51 - Start NTK PK calculation
31/03/2022 12:24:45 - End QNN

31/03/2022 12:24:45 - Creating QNN (18 layers)
31/03/2022 12:24:45 - Start training
....................
31/03/2022 13:22:17 - Start NTK PK calculation
31/03/2022 15:08:14 - End QNN

31/03/2022 15:08:14 - Creating QNN (19 layers)
31/03/2022 15:08:14 - Start training
....................
31/03/2022 16:09:49 - Start NTK PK calculation
31/03/2022 20:07:23 - End QNN

31/03/2022 20:07:23 - Creating QNN (20 layers)
31/03/2022 20:07:23 - Start training
....................
31/03/2022 21:08:24 - Start NTK PK calculation
01/04/2022 00:51:22 - End QNN
