Welcome
11/04/2022 14:19:11 - Experiment D=4, snr=0.4, N=16, loss=bce, MAX_LAYERS=20, MAX_EPOCHS=1000
Loading existing training set

11/04/2022 14:19:11 - Creating QNN (1 layers)
11/04/2022 14:19:12 - Start training
....................
11/04/2022 14:23:21 - Start NTK PK calculation
11/04/2022 14:24:24 - End QNN

11/04/2022 14:24:24 - Creating QNN (2 layers)
11/04/2022 14:24:24 - Start training
....................
11/04/2022 14:28:55 - Start NTK PK calculation
11/04/2022 14:30:34 - End QNN

11/04/2022 14:30:34 - Creating QNN (3 layers)
11/04/2022 14:30:34 - Start training
....................
11/04/2022 14:36:29 - Start NTK PK calculation
11/04/2022 14:42:56 - End QNN

11/04/2022 14:42:56 - Creating QNN (4 layers)
11/04/2022 14:42:56 - Start training
....................
11/04/2022 14:50:07 - Start NTK PK calculation
11/04/2022 14:55:26 - End QNN

11/04/2022 14:55:26 - Creating QNN (5 layers)
11/04/2022 14:55:26 - Start training
....................
11/04/2022 15:03:56 - Start NTK PK calculation
11/04/2022 15:12:41 - End QNN

11/04/2022 15:12:41 - Creating QNN (6 layers)
11/04/2022 15:12:41 - Start training
....................
11/04/2022 15:22:44 - Start NTK PK calculation
11/04/2022 15:36:44 - End QNN

11/04/2022 15:36:44 - Creating QNN (7 layers)
11/04/2022 15:36:44 - Start training
....................
11/04/2022 15:48:01 - Start NTK PK calculation
11/04/2022 16:01:59 - End QNN

11/04/2022 16:01:59 - Creating QNN (8 layers)
11/04/2022 16:01:59 - Start training
....................
11/04/2022 16:14:14 - Start NTK PK calculation
11/04/2022 16:34:33 - End QNN

11/04/2022 16:34:33 - Creating QNN (9 layers)
11/04/2022 16:34:33 - Start training
....................
11/04/2022 16:48:59 - Start NTK PK calculation
11/04/2022 17:04:54 - End QNN

11/04/2022 17:04:54 - Creating QNN (10 layers)
11/04/2022 17:04:54 - Start training
....................
11/04/2022 17:20:55 - Start NTK PK calculation
11/04/2022 17:49:24 - End QNN

11/04/2022 17:49:24 - Creating QNN (11 layers)
11/04/2022 17:49:24 - Start training
....................
11/04/2022 18:06:55 - Start NTK PK calculation
11/04/2022 18:29:20 - End QNN

11/04/2022 18:29:20 - Creating QNN (12 layers)
11/04/2022 18:29:20 - Start training
....................
11/04/2022 18:48:19 - Start NTK PK calculation
11/04/2022 19:09:32 - End QNN

11/04/2022 19:09:32 - Creating QNN (13 layers)
11/04/2022 19:09:32 - Start training
....................
11/04/2022 19:30:00 - Start NTK PK calculation
11/04/2022 19:50:20 - End QNN

11/04/2022 19:50:20 - Creating QNN (14 layers)
11/04/2022 19:50:20 - Start training
....................
11/04/2022 20:12:17 - Start NTK PK calculation
11/04/2022 20:32:06 - End QNN

11/04/2022 20:32:06 - Creating QNN (15 layers)
11/04/2022 20:32:06 - Start training
....................
11/04/2022 20:55:36 - Start NTK PK calculation
11/04/2022 21:31:36 - End QNN

11/04/2022 21:31:36 - Creating QNN (16 layers)
11/04/2022 21:31:36 - Start training
....................
11/04/2022 21:56:37 - Start NTK PK calculation
11/04/2022 22:27:57 - End QNN

11/04/2022 22:27:57 - Creating QNN (17 layers)
11/04/2022 22:27:57 - Start training
....................
11/04/2022 22:55:09 - Start NTK PK calculation
11/04/2022 23:20:18 - End QNN

11/04/2022 23:20:18 - Creating QNN (18 layers)
11/04/2022 23:20:18 - Start training
....................
11/04/2022 23:47:37 - Start NTK PK calculation
12/04/2022 00:14:22 - End QNN

12/04/2022 00:14:22 - Creating QNN (19 layers)
12/04/2022 00:14:22 - Start training
....................
12/04/2022 00:43:33 - Start NTK PK calculation
12/04/2022 01:32:32 - End QNN

12/04/2022 01:32:32 - Creating QNN (20 layers)
12/04/2022 01:32:32 - Start training
....................
12/04/2022 02:02:09 - Start NTK PK calculation
12/04/2022 02:36:24 - End QNN
