Welcome
12/04/2022 18:14:32 - Experiment D=4, snr=0.1, N=16, loss=bce, MAX_LAYERS=20, MAX_EPOCHS=1000
Loading existing training set
--skipto 18 option detected
QNN with 1 layers skipped due to --skipto 18 option
QNN with 2 layers skipped due to --skipto 18 option
QNN with 3 layers skipped due to --skipto 18 option
QNN with 4 layers skipped due to --skipto 18 option
QNN with 5 layers skipped due to --skipto 18 option
QNN with 6 layers skipped due to --skipto 18 option
QNN with 7 layers skipped due to --skipto 18 option
QNN with 8 layers skipped due to --skipto 18 option
QNN with 9 layers skipped due to --skipto 18 option
QNN with 10 layers skipped due to --skipto 18 option
QNN with 11 layers skipped due to --skipto 18 option
QNN with 12 layers skipped due to --skipto 18 option
QNN with 13 layers skipped due to --skipto 18 option
QNN with 14 layers skipped due to --skipto 18 option
QNN with 15 layers skipped due to --skipto 18 option
QNN with 16 layers skipped due to --skipto 18 option
QNN with 17 layers skipped due to --skipto 18 option

12/04/2022 18:14:32 - Creating QNN (18 layers)
12/04/2022 18:14:32 - Start training
....................
12/04/2022 18:41:46 - Start NTK PK calculation
12/04/2022 19:03:04 - End QNN

12/04/2022 19:03:04 - Creating QNN (19 layers)
12/04/2022 19:03:04 - Start training
....................
12/04/2022 19:29:57 - Start NTK PK calculation
12/04/2022 20:24:37 - End QNN

12/04/2022 20:24:37 - Creating QNN (20 layers)
12/04/2022 20:24:37 - Start training
....................
12/04/2022 20:53:05 - Start NTK PK calculation
12/04/2022 21:29:05 - End QNN
