Welcome
Keeping the old dataset file as the one in experiment_snr0.10_d4_lbce_202203261440/specs_1.json[['X_test', 'Y_test']]
specs_3.json already contains a testing set! The new instructions are ignored. The old set is kept
specs_12.json already contains a testing set! The new instructions are ignored. The old set is kept
specs_13.json already contains a testing set! The new instructions are ignored. The old set is kept
specs_14.json already contains a testing set! The new instructions are ignored. The old set is kept
specs_15.json already contains a testing set! The new instructions are ignored. The old set is kept
specs_16.json already contains a testing set! The new instructions are ignored. The old set is kept
specs_17.json already contains a testing set! The new instructions are ignored. The old set is kept
specs_18.json already contains a testing set! The new instructions are ignored. The old set is kept
specs_19.json already contains a testing set! The new instructions are ignored. The old set is kept
specs_2.json already contains a testing set! The new instructions are ignored. The old set is kept
specs_20.json already contains a testing set! The new instructions are ignored. The old set is kept
specs_4.json already contains a testing set! The new instructions are ignored. The old set is kept
specs_5.json already contains a testing set! The new instructions are ignored. The old set is kept
specs_6.json already contains a testing set! The new instructions are ignored. The old set is kept
specs_7.json already contains a testing set! The new instructions are ignored. The old set is kept
specs_8.json already contains a testing set! The new instructions are ignored. The old set is kept
specs_9.json already contains a testing set! The new instructions are ignored. The old set is kept
specs_1.json already contains a testing set! The new instructions are ignored. The old set is kept
specs_10.json already contains a testing set! The new instructions are ignored. The old set is kept
specs_11.json already contains a testing set! The new instructions are ignored. The old set is kept


14/04/2022 10:10:44 - Testing wrt file specs_3.json
QNN with 3 layers is RUNNED since it is not present in --skip ('1', '10', '11', '12', '13') option
14/04/2022 10:10:44 - Loss (bce) for variational model: 0.95341325
14/04/2022 10:10:46 - Start NTK PK calculation
14/04/2022 10:13:29 - End


14/04/2022 10:13:29 - Testing wrt file specs_12.json
QNN with 12 layers SKIPPED due to --skip ('1', '10', '11', '12', '13') option


14/04/2022 10:13:29 - Testing wrt file specs_13.json
QNN with 13 layers SKIPPED due to --skip ('1', '10', '11', '12', '13') option


14/04/2022 10:13:29 - Testing wrt file specs_14.json
QNN with 14 layers is RUNNED since it is not present in --skip ('1', '10', '11', '12', '13') option
14/04/2022 10:13:29 - Loss (bce) for variational model: 0.8566736
14/04/2022 10:13:33 - Start NTK PK calculation
14/04/2022 10:45:05 - End


14/04/2022 10:45:05 - Testing wrt file specs_15.json
QNN with 15 layers is RUNNED since it is not present in --skip ('1', '10', '11', '12', '13') option
14/04/2022 10:45:05 - Loss (bce) for variational model: 0.8563739
14/04/2022 10:45:14 - Start NTK PK calculation
14/04/2022 11:32:12 - End


14/04/2022 11:32:12 - Testing wrt file specs_16.json
QNN with 16 layers is RUNNED since it is not present in --skip ('1', '10', '11', '12', '13') option
14/04/2022 11:32:12 - Loss (bce) for variational model: 0.85637206
14/04/2022 11:32:21 - Start NTK PK calculation
14/04/2022 12:12:24 - End


14/04/2022 12:12:24 - Testing wrt file specs_17.json
QNN with 17 layers is RUNNED since it is not present in --skip ('1', '10', '11', '12', '13') option
14/04/2022 12:12:24 - Loss (bce) for variational model: 0.85637236
14/04/2022 12:12:32 - Start NTK PK calculation
14/04/2022 12:50:23 - End


14/04/2022 12:50:23 - Testing wrt file specs_18.json
QNN with 18 layers is RUNNED since it is not present in --skip ('1', '10', '11', '12', '13') option
14/04/2022 12:50:23 - Loss (bce) for variational model: 0.85637295
14/04/2022 12:50:28 - Start NTK PK calculation
14/04/2022 13:38:21 - End


14/04/2022 13:38:21 - Testing wrt file specs_19.json
QNN with 19 layers is RUNNED since it is not present in --skip ('1', '10', '11', '12', '13') option
14/04/2022 13:38:21 - Loss (bce) for variational model: 0.8563712
14/04/2022 13:38:26 - Start NTK PK calculation
14/04/2022 14:11:45 - End


14/04/2022 14:11:45 - Testing wrt file specs_2.json
QNN with 2 layers is RUNNED since it is not present in --skip ('1', '10', '11', '12', '13') option
14/04/2022 14:11:45 - Loss (bce) for variational model: 0.8810502
14/04/2022 14:11:46 - Start NTK PK calculation
14/04/2022 14:16:26 - End


14/04/2022 14:16:26 - Testing wrt file specs_20.json
QNN with 20 layers is RUNNED since it is not present in --skip ('1', '10', '11', '12', '13') option
14/04/2022 14:16:26 - Loss (bce) for variational model: 0.8563724
14/04/2022 14:16:31 - Start NTK PK calculation
14/04/2022 14:50:26 - End


14/04/2022 14:50:26 - Testing wrt file specs_4.json
QNN with 4 layers is RUNNED since it is not present in --skip ('1', '10', '11', '12', '13') option
14/04/2022 14:50:26 - Loss (bce) for variational model: 0.86313903
14/04/2022 14:50:27 - Start NTK PK calculation
14/04/2022 14:57:46 - End


14/04/2022 14:57:46 - Testing wrt file specs_5.json
QNN with 5 layers is RUNNED since it is not present in --skip ('1', '10', '11', '12', '13') option
14/04/2022 14:57:46 - Loss (bce) for variational model: 0.86093634
14/04/2022 14:57:47 - Start NTK PK calculation
14/04/2022 15:10:07 - End


14/04/2022 15:10:07 - Testing wrt file specs_6.json
QNN with 6 layers is RUNNED since it is not present in --skip ('1', '10', '11', '12', '13') option
14/04/2022 15:10:07 - Loss (bce) for variational model: 0.8608966
14/04/2022 15:10:09 - Start NTK PK calculation
14/04/2022 15:21:19 - End


14/04/2022 15:21:19 - Testing wrt file specs_7.json
QNN with 7 layers is RUNNED since it is not present in --skip ('1', '10', '11', '12', '13') option
14/04/2022 15:21:19 - Loss (bce) for variational model: 0.8563722
14/04/2022 15:21:20 - Start NTK PK calculation
14/04/2022 15:36:09 - End


14/04/2022 15:36:09 - Testing wrt file specs_8.json
QNN with 8 layers is RUNNED since it is not present in --skip ('1', '10', '11', '12', '13') option
14/04/2022 15:36:09 - Loss (bce) for variational model: 0.85837674
14/04/2022 15:36:11 - Start NTK PK calculation
14/04/2022 15:53:28 - End


14/04/2022 15:53:28 - Testing wrt file specs_9.json
QNN with 9 layers is RUNNED since it is not present in --skip ('1', '10', '11', '12', '13') option
14/04/2022 15:53:28 - Loss (bce) for variational model: 0.85638475
14/04/2022 15:53:30 - Start NTK PK calculation
14/04/2022 16:07:37 - End


14/04/2022 16:07:37 - Testing wrt file specs_1.json
QNN with 1 layers SKIPPED due to --skip ('1', '10', '11', '12', '13') option


14/04/2022 16:07:37 - Testing wrt file specs_10.json
QNN with 10 layers SKIPPED due to --skip ('1', '10', '11', '12', '13') option


14/04/2022 16:07:37 - Testing wrt file specs_11.json
QNN with 11 layers SKIPPED due to --skip ('1', '10', '11', '12', '13') option
