Welcome


04/04/2022 18:05:19 - Testing wrt file specs_1.json
04/04/2022 18:05:19 - Loss (mse) for variational model: 15.990738
04/04/2022 18:05:21 - Start NTK PK calculation
04/04/2022 18:06:40 - End


04/04/2022 18:06:40 - Testing wrt file specs_2.json
04/04/2022 18:06:40 - Loss (mse) for variational model: 13.439423
04/04/2022 18:06:41 - Start NTK PK calculation
04/04/2022 18:09:49 - End


04/04/2022 18:09:49 - Testing wrt file specs_3.json
04/04/2022 18:09:49 - Loss (mse) for variational model: 15.302745
04/04/2022 18:09:50 - Start NTK PK calculation
04/04/2022 18:14:35 - End


04/04/2022 18:14:35 - Testing wrt file specs_4.json
04/04/2022 18:14:35 - Loss (mse) for variational model: 13.388316
04/04/2022 18:14:36 - Start NTK PK calculation
04/04/2022 18:27:35 - End


04/04/2022 18:27:35 - Testing wrt file specs_5.json
04/04/2022 18:27:35 - Loss (mse) for variational model: 13.037975
04/04/2022 18:27:37 - Start NTK PK calculation
04/04/2022 18:48:09 - End


04/04/2022 18:48:09 - Testing wrt file specs_6.json
04/04/2022 18:48:09 - Loss (mse) for variational model: 13.406283
04/04/2022 18:48:11 - Start NTK PK calculation
04/04/2022 19:03:19 - End


04/04/2022 19:03:19 - Testing wrt file specs_7.json
04/04/2022 19:03:19 - Loss (mse) for variational model: 13.32811
04/04/2022 19:03:21 - Start NTK PK calculation
04/04/2022 19:35:50 - End


04/04/2022 19:35:50 - Testing wrt file specs_8.json
04/04/2022 19:35:51 - Loss (mse) for variational model: 13.153577
04/04/2022 19:35:53 - Start NTK PK calculation
04/04/2022 20:12:58 - End


04/04/2022 20:12:58 - Testing wrt file specs_9.json
04/04/2022 20:12:58 - Loss (mse) for variational model: 13.540866
04/04/2022 20:13:00 - Start NTK PK calculation
04/04/2022 21:05:08 - End


04/04/2022 21:05:08 - Testing wrt file specs_10.json
04/04/2022 21:05:08 - Loss (mse) for variational model: 13.040826
04/04/2022 21:05:11 - Start NTK PK calculation
04/04/2022 21:30:16 - End


04/04/2022 21:30:16 - Testing wrt file specs_11.json
04/04/2022 21:30:16 - Loss (mse) for variational model: 13.170481
04/04/2022 21:30:19 - Start NTK PK calculation
04/04/2022 22:19:28 - End


04/04/2022 22:19:28 - Testing wrt file specs_12.json
04/04/2022 22:19:28 - Loss (mse) for variational model: 12.951917
04/04/2022 22:19:31 - Start NTK PK calculation
04/04/2022 22:55:13 - End


04/04/2022 22:55:13 - Testing wrt file specs_13.json
04/04/2022 22:55:13 - Loss (mse) for variational model: 13.063998
04/04/2022 22:55:16 - Start NTK PK calculation
04/04/2022 23:57:37 - End


04/04/2022 23:57:37 - Testing wrt file specs_14.json
04/04/2022 23:57:37 - Loss (mse) for variational model: 12.996341
04/04/2022 23:57:41 - Start NTK PK calculation
05/04/2022 01:27:21 - End


05/04/2022 01:27:21 - Testing wrt file specs_15.json
05/04/2022 01:27:21 - Loss (mse) for variational model: 13.501617
05/04/2022 01:27:25 - Start NTK PK calculation
05/04/2022 02:04:32 - End


05/04/2022 02:04:32 - Testing wrt file specs_16.json
05/04/2022 02:04:32 - Loss (mse) for variational model: 13.232232
05/04/2022 02:04:37 - Start NTK PK calculation
05/04/2022 03:10:57 - End


05/04/2022 03:10:57 - Testing wrt file specs_17.json
05/04/2022 03:10:57 - Loss (mse) for variational model: 13.262045
05/04/2022 03:11:02 - Start NTK PK calculation
05/04/2022 04:22:27 - End


05/04/2022 04:22:27 - Testing wrt file specs_18.json
05/04/2022 04:22:27 - Loss (mse) for variational model: 13.109523
05/04/2022 04:22:32 - Start NTK PK calculation
05/04/2022 05:15:18 - End


05/04/2022 05:15:18 - Testing wrt file specs_19.json
05/04/2022 05:15:18 - Loss (mse) for variational model: 13.065576
05/04/2022 05:15:23 - Start NTK PK calculation
05/04/2022 06:07:09 - End


05/04/2022 06:07:09 - Testing wrt file specs_20.json
05/04/2022 06:07:09 - Loss (mse) for variational model: 13.369306
05/04/2022 06:07:14 - Start NTK PK calculation
05/04/2022 06:56:54 - End
