Welcome


04/04/2022 18:05:49 - Testing wrt file specs_1.json
04/04/2022 18:05:49 - Loss (bce) for variational model: 1.0053953
04/04/2022 18:05:51 - Start NTK PK calculation
04/04/2022 18:07:31 - End


04/04/2022 18:07:31 - Testing wrt file specs_2.json
04/04/2022 18:07:31 - Loss (bce) for variational model: 0.8844022
04/04/2022 18:07:31 - Start NTK PK calculation
04/04/2022 18:09:57 - End


04/04/2022 18:09:57 - Testing wrt file specs_3.json
04/04/2022 18:09:57 - Loss (bce) for variational model: 0.9616075
04/04/2022 18:09:58 - Start NTK PK calculation
04/04/2022 18:14:24 - End


04/04/2022 18:14:24 - Testing wrt file specs_4.json
04/04/2022 18:14:24 - Loss (bce) for variational model: 0.95122296
04/04/2022 18:14:25 - Start NTK PK calculation
04/04/2022 18:19:25 - End


04/04/2022 18:19:25 - Testing wrt file specs_5.json
04/04/2022 18:19:25 - Loss (bce) for variational model: 0.87206364
04/04/2022 18:19:26 - Start NTK PK calculation
04/04/2022 18:41:48 - End


04/04/2022 18:41:48 - Testing wrt file specs_6.json
04/04/2022 18:41:48 - Loss (bce) for variational model: 0.90293705
04/04/2022 18:41:50 - Start NTK PK calculation
04/04/2022 19:02:40 - End


04/04/2022 19:02:40 - Testing wrt file specs_7.json
04/04/2022 19:02:40 - Loss (bce) for variational model: 0.87880254
04/04/2022 19:02:42 - Start NTK PK calculation
04/04/2022 19:40:44 - End
