Welcome
01/04/2022 11:13:53 - Experiment D=10, snr=0.5, N=16, loss=bce, MAX_LAYERS=20, MAX_EPOCHS=1000

01/04/2022 11:13:53 - Creating QNN (1 layers)
01/04/2022 11:13:54 - Start training
....................
01/04/2022 11:19:57 - Start NTK PK calculation
01/04/2022 11:22:00 - End QNN

01/04/2022 11:22:00 - Creating QNN (2 layers)
01/04/2022 11:22:00 - Start training
....................
01/04/2022 11:30:17 - Start NTK PK calculation
01/04/2022 11:37:15 - End QNN

01/04/2022 11:37:15 - Creating QNN (3 layers)
01/04/2022 11:37:15 - Start training
....................
01/04/2022 11:48:57 - Start NTK PK calculation
01/04/2022 11:57:57 - End QNN

01/04/2022 11:57:57 - Creating QNN (4 layers)
01/04/2022 11:57:57 - Start training
....................
01/04/2022 12:12:52 - Start NTK PK calculation
01/04/2022 12:23:28 - End QNN

01/04/2022 12:23:28 - Creating QNN (5 layers)
01/04/2022 12:23:28 - Start training
....................
01/04/2022 12:41:39 - Start NTK PK calculation
01/04/2022 13:11:45 - End QNN

01/04/2022 13:11:45 - Creating QNN (6 layers)
01/04/2022 13:11:45 - Start training
....................
01/04/2022 13:33:33 - Start NTK PK calculation
01/04/2022 14:13:26 - End QNN

01/04/2022 14:13:26 - Creating QNN (7 layers)
01/04/2022 14:13:26 - Start training
....................
01/04/2022 14:38:40 - Start NTK PK calculation
01/04/2022 15:28:03 - End QNN

01/04/2022 15:28:03 - Creating QNN (8 layers)
01/04/2022 15:28:03 - Start training
....................
01/04/2022 15:57:29 - Start NTK PK calculation
01/04/2022 17:01:33 - End QNN

01/04/2022 17:01:33 - Creating QNN (9 layers)
01/04/2022 17:01:33 - Start training
....................
01/04/2022 17:34:11 - Start NTK PK calculation
01/04/2022 18:35:56 - End QNN

01/04/2022 18:35:56 - Creating QNN (10 layers)
01/04/2022 18:35:56 - Start training
....................
01/04/2022 19:12:16 - Start NTK PK calculation
01/04/2022 20:19:43 - End QNN

01/04/2022 20:19:43 - Creating QNN (11 layers)
01/04/2022 20:19:43 - Start training
....................
01/04/2022 20:59:46 - Start NTK PK calculation
01/04/2022 21:49:41 - End QNN

01/04/2022 21:49:41 - Creating QNN (12 layers)
01/04/2022 21:49:41 - Start training
....................
01/04/2022 22:35:29 - Start NTK PK calculation
01/04/2022 23:47:48 - End QNN

01/04/2022 23:47:48 - Creating QNN (13 layers)
01/04/2022 23:47:48 - Start training
....................
02/04/2022 00:36:08 - Start NTK PK calculation
02/04/2022 01:39:57 - End QNN

02/04/2022 01:39:57 - Creating QNN (14 layers)
02/04/2022 01:39:57 - Start training
....................
02/04/2022 02:33:12 - Start NTK PK calculation
02/04/2022 03:38:04 - End QNN

02/04/2022 03:38:04 - Creating QNN (15 layers)
02/04/2022 03:38:04 - Start training
....................
02/04/2022 04:38:54 - Start NTK PK calculation
02/04/2022 06:11:19 - End QNN

02/04/2022 06:11:19 - Creating QNN (16 layers)
02/04/2022 06:11:19 - Start training
....................
02/04/2022 07:12:43 - Start NTK PK calculation
02/04/2022 09:23:59 - End QNN

02/04/2022 09:23:59 - Creating QNN (17 layers)
02/04/2022 09:23:59 - Start training
....................
02/04/2022 10:30:44 - Start NTK PK calculation
02/04/2022 12:22:24 - End QNN

02/04/2022 12:22:24 - Creating QNN (18 layers)
02/04/2022 12:22:24 - Start training
....................
02/04/2022 13:33:23 - Start NTK PK calculation
02/04/2022 15:30:11 - End QNN

02/04/2022 15:30:11 - Creating QNN (19 layers)
02/04/2022 15:30:11 - Start training
....................
02/04/2022 16:45:00 - Start NTK PK calculation
02/04/2022 19:24:53 - End QNN

02/04/2022 19:24:53 - Creating QNN (20 layers)
02/04/2022 19:24:53 - Start training
....................
02/04/2022 20:45:34 - Start NTK PK calculation
03/04/2022 00:03:14 - End QNN
