Welcome
25/03/2022 09:43:59 - Experiment D=6, snr=0.1, N=16, MAX_LAYERS=20, MAX_EPOCHS=1000
25/03/2022 09:43:59 - Creating QNN
25/03/2022 09:44:00 - Start training
....................
25/03/2022 09:47:40 - Start NTK PK calculation
25/03/2022 09:48:49 - Creating QNN
25/03/2022 09:48:49 - Start training
....................
25/03/2022 09:53:30 - Start NTK PK calculation
25/03/2022 09:57:18 - Creating QNN
25/03/2022 09:57:18 - Start training
....................
25/03/2022 10:04:00 - Start NTK PK calculation
25/03/2022 10:17:24 - Creating QNN
25/03/2022 10:17:24 - Start training
....................
25/03/2022 10:26:02 - Start NTK PK calculation
25/03/2022 10:35:13 - Creating QNN
25/03/2022 10:35:13 - Start training
....................
25/03/2022 10:45:37 - Start NTK PK calculation
25/03/2022 10:57:33 - Creating QNN
25/03/2022 10:57:33 - Start training
....................
25/03/2022 11:10:06 - Start NTK PK calculation
25/03/2022 11:34:34 - Creating QNN
25/03/2022 11:34:34 - Start training
....................
25/03/2022 11:49:07 - Start NTK PK calculation
25/03/2022 12:13:39 - Creating QNN
25/03/2022 12:13:39 - Start training
....................
25/03/2022 12:30:19 - Start NTK PK calculation
25/03/2022 13:09:02 - Creating QNN
25/03/2022 13:09:02 - Start training
....................
25/03/2022 13:27:42 - Start NTK PK calculation
25/03/2022 13:55:22 - Creating QNN
25/03/2022 13:55:22 - Start training
....................
25/03/2022 14:16:35 - Start NTK PK calculation
25/03/2022 14:58:03 - Creating QNN
25/03/2022 14:58:03 - Start training
....................
25/03/2022 15:21:22 - Start NTK PK calculation
25/03/2022 15:58:12 - Creating QNN
25/03/2022 15:58:12 - Start training
....................
25/03/2022 16:23:42 - Start NTK PK calculation
25/03/2022 16:57:56 - Creating QNN
25/03/2022 16:57:56 - Start training
....................
25/03/2022 17:25:51 - Start NTK PK calculation
25/03/2022 18:06:22 - Creating QNN
25/03/2022 18:06:22 - Start training
....................
25/03/2022 18:37:38 - Start NTK PK calculation
25/03/2022 19:41:34 - Creating QNN
25/03/2022 19:41:34 - Start training
....................
25/03/2022 20:14:02 - Start NTK PK calculation
25/03/2022 21:02:49 - Creating QNN
25/03/2022 21:02:49 - Start training
....................
25/03/2022 21:36:44 - Start NTK PK calculation
25/03/2022 22:28:21 - Creating QNN
25/03/2022 22:28:21 - Start training
....................
25/03/2022 23:04:55 - Start NTK PK calculation
25/03/2022 23:55:57 - Creating QNN
25/03/2022 23:55:57 - Start training
....................
26/03/2022 00:34:30 - Start NTK PK calculation
26/03/2022 02:03:14 - Creating QNN
26/03/2022 02:03:14 - Start training
....................
26/03/2022 02:44:12 - Start NTK PK calculation
26/03/2022 03:58:47 - Creating QNN
26/03/2022 03:58:47 - Start training
....................
26/03/2022 04:41:40 - Start NTK PK calculation
