Welcome
30/03/2022 11:27:51 - Experiment D=9, snr=0.5, N=16, loss=bce, MAX_LAYERS=20, MAX_EPOCHS=1000

30/03/2022 11:27:51 - Creating QNN (1 layers)
30/03/2022 11:27:52 - Start training
....................
30/03/2022 11:34:00 - Start NTK PK calculation
30/03/2022 11:35:38 - End QNN

30/03/2022 11:35:38 - Creating QNN (2 layers)
30/03/2022 11:35:38 - Start training
....................
30/03/2022 11:43:55 - Start NTK PK calculation
30/03/2022 11:48:25 - End QNN

30/03/2022 11:48:25 - Creating QNN (3 layers)
30/03/2022 11:48:25 - Start training
....................
30/03/2022 11:59:51 - Start NTK PK calculation
30/03/2022 12:09:23 - End QNN

30/03/2022 12:09:23 - Creating QNN (4 layers)
30/03/2022 12:09:23 - Start training
....................
30/03/2022 12:24:25 - Start NTK PK calculation
30/03/2022 12:47:26 - End QNN

30/03/2022 12:47:26 - Creating QNN (5 layers)
30/03/2022 12:47:26 - Start training
....................
30/03/2022 13:05:56 - Start NTK PK calculation
30/03/2022 13:24:44 - End QNN

30/03/2022 13:24:44 - Creating QNN (6 layers)
30/03/2022 13:24:44 - Start training
....................
30/03/2022 13:46:48 - Start NTK PK calculation
30/03/2022 14:31:23 - End QNN

30/03/2022 14:31:23 - Creating QNN (7 layers)
30/03/2022 14:31:23 - Start training
....................
30/03/2022 14:55:30 - Start NTK PK calculation
30/03/2022 15:30:41 - End QNN

30/03/2022 15:30:41 - Creating QNN (8 layers)
30/03/2022 15:30:41 - Start training
....................
30/03/2022 15:58:02 - Start NTK PK calculation
30/03/2022 16:50:54 - End QNN

30/03/2022 16:50:54 - Creating QNN (9 layers)
30/03/2022 16:50:54 - Start training
....................
30/03/2022 17:21:37 - Start NTK PK calculation
30/03/2022 18:15:54 - End QNN

30/03/2022 18:15:54 - Creating QNN (10 layers)
30/03/2022 18:15:54 - Start training
....................