Welcome
12/04/2022 08:30:34 - Experiment D=4, snr=1.0, N=16, loss=bce, MAX_LAYERS=20, MAX_EPOCHS=1000
Loading existing training set

12/04/2022 08:30:34 - Creating QNN (1 layers)
12/04/2022 08:30:35 - Start training
....................
12/04/2022 08:34:46 - Start NTK PK calculation
12/04/2022 08:35:47 - End QNN

12/04/2022 08:35:47 - Creating QNN (2 layers)
12/04/2022 08:35:47 - Start training
....................
12/04/2022 08:40:17 - Start NTK PK calculation
12/04/2022 08:45:32 - End QNN

12/04/2022 08:45:32 - Creating QNN (3 layers)
12/04/2022 08:45:32 - Start training
....................
12/04/2022 08:51:19 - Start NTK PK calculation
12/04/2022 08:57:01 - End QNN

12/04/2022 08:57:01 - Creating QNN (4 layers)
12/04/2022 08:57:01 - Start training
....................
12/04/2022 09:04:00 - Start NTK PK calculation
12/04/2022 09:10:47 - End QNN

12/04/2022 09:10:47 - Creating QNN (5 layers)
12/04/2022 09:10:47 - Start training
....................
12/04/2022 09:18:51 - Start NTK PK calculation
12/04/2022 09:27:04 - End QNN

12/04/2022 09:27:04 - Creating QNN (6 layers)
12/04/2022 09:27:04 - Start training
....................
12/04/2022 09:36:33 - Start NTK PK calculation
12/04/2022 09:45:30 - End QNN

12/04/2022 09:45:30 - Creating QNN (7 layers)
12/04/2022 09:45:30 - Start training
....................
12/04/2022 09:56:11 - Start NTK PK calculation
12/04/2022 10:08:45 - End QNN

12/04/2022 10:08:45 - Creating QNN (8 layers)
12/04/2022 10:08:45 - Start training
....................
12/04/2022 10:20:51 - Start NTK PK calculation
12/04/2022 10:32:48 - End QNN

12/04/2022 10:32:48 - Creating QNN (9 layers)
12/04/2022 10:32:48 - Start training
....................
12/04/2022 10:46:44 - Start NTK PK calculation
12/04/2022 10:56:51 - End QNN

12/04/2022 10:56:51 - Creating QNN (10 layers)
12/04/2022 10:56:51 - Start training
....................
12/04/2022 11:11:49 - Start NTK PK calculation
12/04/2022 11:28:04 - End QNN

12/04/2022 11:28:04 - Creating QNN (11 layers)
12/04/2022 11:28:04 - Start training
....................
12/04/2022 11:44:17 - Start NTK PK calculation
12/04/2022 12:00:39 - End QNN

12/04/2022 12:00:39 - Creating QNN (12 layers)
12/04/2022 12:00:40 - Start training
....................
12/04/2022 12:18:42 - Start NTK PK calculation
12/04/2022 12:31:42 - End QNN

12/04/2022 12:31:42 - Creating QNN (13 layers)
12/04/2022 12:31:42 - Start training
....................
12/04/2022 12:50:45 - Start NTK PK calculation
12/04/2022 13:06:00 - End QNN

12/04/2022 13:06:00 - Creating QNN (14 layers)
12/04/2022 13:06:00 - Start training
....................
12/04/2022 13:27:22 - Start NTK PK calculation
12/04/2022 13:43:55 - End QNN

12/04/2022 13:43:55 - Creating QNN (15 layers)
12/04/2022 13:43:55 - Start training
....................
12/04/2022 14:05:45 - Start NTK PK calculation
12/04/2022 14:22:19 - End QNN

12/04/2022 14:22:19 - Creating QNN (16 layers)
12/04/2022 14:22:19 - Start training
....................
12/04/2022 14:45:36 - Start NTK PK calculation
12/04/2022 15:05:12 - End QNN

12/04/2022 15:05:12 - Creating QNN (17 layers)
12/04/2022 15:05:12 - Start training
....................
12/04/2022 15:30:13 - Start NTK PK calculation
12/04/2022 15:55:57 - End QNN

12/04/2022 15:55:57 - Creating QNN (18 layers)
12/04/2022 15:55:57 - Start training
....................
12/04/2022 16:23:02 - Start NTK PK calculation
12/04/2022 16:44:49 - End QNN

12/04/2022 16:44:49 - Creating QNN (19 layers)
12/04/2022 16:44:49 - Start training
....................
12/04/2022 17:13:40 - Start NTK PK calculation
12/04/2022 17:39:07 - End QNN

12/04/2022 17:39:07 - Creating QNN (20 layers)
12/04/2022 17:39:07 - Start training
....................