Welcome
Keeping the old dataset file as the one in experiment_snr0.40_d4_lbce_202203282128/specs_1.json[['X_test', 'Y_test']]
specs_11.json already contains a testing set! The new instructions are ignored. The old set is kept
specs_12.json already contains a testing set! The new instructions are ignored. The old set is kept
specs_13.json already contains a testing set! The new instructions are ignored. The old set is kept
specs_14.json already contains a testing set! The new instructions are ignored. The old set is kept
specs_15.json already contains a testing set! The new instructions are ignored. The old set is kept
specs_16.json already contains a testing set! The new instructions are ignored. The old set is kept
specs_17.json already contains a testing set! The new instructions are ignored. The old set is kept
specs_18.json already contains a testing set! The new instructions are ignored. The old set is kept
specs_19.json already contains a testing set! The new instructions are ignored. The old set is kept
specs_20.json already contains a testing set! The new instructions are ignored. The old set is kept
specs_3.json already contains a testing set! The new instructions are ignored. The old set is kept
specs_4.json already contains a testing set! The new instructions are ignored. The old set is kept
specs_5.json already contains a testing set! The new instructions are ignored. The old set is kept
specs_6.json already contains a testing set! The new instructions are ignored. The old set is kept
specs_7.json already contains a testing set! The new instructions are ignored. The old set is kept
specs_8.json already contains a testing set! The new instructions are ignored. The old set is kept
specs_9.json already contains a testing set! The new instructions are ignored. The old set is kept
specs_1.json already contains a testing set! The new instructions are ignored. The old set is kept
specs_10.json already contains a testing set! The new instructions are ignored. The old set is kept
specs_2.json already contains a testing set! The new instructions are ignored. The old set is kept


14/04/2022 10:11:48 - Testing wrt file specs_11.json
QNN with 11 layers SKIPPED due to --skip ('1', '10', '11', '12', '13') option


14/04/2022 10:11:48 - Testing wrt file specs_12.json
QNN with 12 layers SKIPPED due to --skip ('1', '10', '11', '12', '13') option


14/04/2022 10:11:48 - Testing wrt file specs_13.json
QNN with 13 layers SKIPPED due to --skip ('1', '10', '11', '12', '13') option


14/04/2022 10:11:48 - Testing wrt file specs_14.json
QNN with 14 layers is RUNNED since it is not present in --skip ('1', '10', '11', '12', '13') option
14/04/2022 10:11:48 - Loss (bce) for variational model: 0.8843436
14/04/2022 10:11:53 - Start NTK PK calculation
14/04/2022 10:48:06 - End


14/04/2022 10:48:06 - Testing wrt file specs_15.json
QNN with 15 layers is RUNNED since it is not present in --skip ('1', '10', '11', '12', '13') option
14/04/2022 10:48:06 - Loss (bce) for variational model: 0.8836483
14/04/2022 10:48:15 - Start NTK PK calculation
14/04/2022 11:26:30 - End


14/04/2022 11:26:30 - Testing wrt file specs_16.json
QNN with 16 layers is RUNNED since it is not present in --skip ('1', '10', '11', '12', '13') option
14/04/2022 11:26:30 - Loss (bce) for variational model: 0.88334113
14/04/2022 11:26:38 - Start NTK PK calculation
14/04/2022 12:12:44 - End


14/04/2022 12:12:44 - Testing wrt file specs_17.json
QNN with 17 layers is RUNNED since it is not present in --skip ('1', '10', '11', '12', '13') option
14/04/2022 12:12:44 - Loss (bce) for variational model: 0.8867583
14/04/2022 12:12:54 - Start NTK PK calculation
14/04/2022 12:50:21 - End


14/04/2022 12:50:21 - Testing wrt file specs_18.json
QNN with 18 layers is RUNNED since it is not present in --skip ('1', '10', '11', '12', '13') option
14/04/2022 12:50:21 - Loss (bce) for variational model: 0.88364136
14/04/2022 12:50:26 - Start NTK PK calculation
14/04/2022 13:26:24 - End


14/04/2022 13:26:24 - Testing wrt file specs_19.json
QNN with 19 layers is RUNNED since it is not present in --skip ('1', '10', '11', '12', '13') option
14/04/2022 13:26:24 - Loss (bce) for variational model: 0.8836464
14/04/2022 13:26:29 - Start NTK PK calculation
14/04/2022 14:01:38 - End


14/04/2022 14:01:38 - Testing wrt file specs_20.json
QNN with 20 layers is RUNNED since it is not present in --skip ('1', '10', '11', '12', '13') option
14/04/2022 14:01:38 - Loss (bce) for variational model: 0.8836464
