Welcome
specs_2.json already contains a testing set! The new instructions are ignored. The old set is kept
specs_3.json already contains a testing set! The new instructions are ignored. The old set is kept
specs_4.json already contains a testing set! The new instructions are ignored. The old set is kept
specs_5.json already contains a testing set! The new instructions are ignored. The old set is kept
specs_6.json already contains a testing set! The new instructions are ignored. The old set is kept
specs_7.json already contains a testing set! The new instructions are ignored. The old set is kept
specs_8.json already contains a testing set! The new instructions are ignored. The old set is kept
specs_9.json already contains a testing set! The new instructions are ignored. The old set is kept
specs_10.json already contains a testing set! The new instructions are ignored. The old set is kept
specs_11.json already contains a testing set! The new instructions are ignored. The old set is kept
specs_12.json already contains a testing set! The new instructions are ignored. The old set is kept
specs_13.json already contains a testing set! The new instructions are ignored. The old set is kept
specs_14.json already contains a testing set! The new instructions are ignored. The old set is kept
specs_15.json already contains a testing set! The new instructions are ignored. The old set is kept
specs_16.json already contains a testing set! The new instructions are ignored. The old set is kept
specs_17.json already contains a testing set! The new instructions are ignored. The old set is kept
specs_18.json already contains a testing set! The new instructions are ignored. The old set is kept
specs_19.json already contains a testing set! The new instructions are ignored. The old set is kept
specs_20.json already contains a testing set! The new instructions are ignored. The old set is kept
specs_1.json already contains a testing set! The new instructions are ignored. The old set is kept


05/04/2022 13:56:27 - Testing wrt file specs_2.json
05/04/2022 13:56:27 - Loss (bce) for variational model: 2022-04-05 13:56:28.484241: W external/org_tensorflow/tensorflow/compiler/xla/service/platform_util.cc:205] unable to create StreamExecutor for CUDA:0: failed initializing StreamExecutor for CUDA device ordinal 0: INTERNAL: failed call to cuDevicePrimaryCtxRetain: CUDA_ERROR_OUT_OF_MEMORY: out of memory; total memory reported: 34089926656
2022-04-05 13:56:28.621149: W external/org_tensorflow/tensorflow/compiler/xla/service/gpu/gpu_transfer_manager.cc:68] GpuTransferManager couldn't get StreamExecutor for device 0.  As a result, all dynamic shape copies from that device will be unpinned (and therefore potentially slow).
2022-04-05 13:56:28.624855: F external/org_tensorflow/tensorflow/core/platform/statusor.cc:33] Attempting to fetch value instead of handling error INVALID_ARGUMENT: device CUDA:0 not supported by XLA service
