Welcome


07/04/2022 15:36:55 - Testing wrt file specs_2.json
07/04/2022 15:36:55 - Loss (bce) for variational model: 1.0023935
07/04/2022 15:36:58 - Start NTK PK calculation
07/04/2022 15:42:38 - End


07/04/2022 15:42:38 - Testing wrt file specs_3.json
07/04/2022 15:42:38 - Loss (bce) for variational model: 0.9910677
07/04/2022 15:42:40 - Start NTK PK calculation
07/04/2022 15:52:43 - End


07/04/2022 15:52:43 - Testing wrt file specs_4.json
07/04/2022 15:52:43 - Loss (bce) for variational model: 0.97327137
07/04/2022 15:52:44 - Start NTK PK calculation
07/04/2022 16:13:02 - End


07/04/2022 16:13:02 - Testing wrt file specs_5.json
07/04/2022 16:13:02 - Loss (bce) for variational model: 0.9331931
07/04/2022 16:13:04 - Start NTK PK calculation
07/04/2022 16:37:56 - End


07/04/2022 16:37:56 - Testing wrt file specs_6.json
07/04/2022 16:37:56 - Loss (bce) for variational model: 1.00072
07/04/2022 16:37:58 - Start NTK PK calculation
07/04/2022 17:04:34 - End


07/04/2022 17:04:34 - Testing wrt file specs_7.json
07/04/2022 17:04:34 - Loss (bce) for variational model: 0.9631511
07/04/2022 17:04:37 - Start NTK PK calculation
07/04/2022 18:01:41 - End


07/04/2022 18:01:41 - Testing wrt file specs_8.json
07/04/2022 18:01:41 - Loss (bce) for variational model: 0.8856414
07/04/2022 18:01:44 - Start NTK PK calculation
07/04/2022 18:40:22 - End


07/04/2022 18:40:22 - Testing wrt file specs_9.json
07/04/2022 18:40:22 - Loss (bce) for variational model: 0.8662994
07/04/2022 18:40:26 - Start NTK PK calculation
07/04/2022 19:24:49 - End


07/04/2022 19:24:49 - Testing wrt file specs_10.json
07/04/2022 19:24:49 - Loss (bce) for variational model: 0.945951
07/04/2022 19:24:53 - Start NTK PK calculation
07/04/2022 20:21:46 - End


07/04/2022 20:21:46 - Testing wrt file specs_11.json
07/04/2022 20:21:46 - Loss (bce) for variational model: 0.9123772
07/04/2022 20:21:50 - Start NTK PK calculation
07/04/2022 21:42:18 - End


07/04/2022 21:42:18 - Testing wrt file specs_12.json
07/04/2022 21:42:18 - Loss (bce) for variational model: 0.92547333
07/04/2022 21:42:22 - Start NTK PK calculation
07/04/2022 22:58:01 - End


07/04/2022 22:58:01 - Testing wrt file specs_13.json
07/04/2022 22:58:01 - Loss (bce) for variational model: 0.9156763
07/04/2022 22:58:06 - Start NTK PK calculation
08/04/2022 00:16:28 - End


08/04/2022 00:16:28 - Testing wrt file specs_14.json
08/04/2022 00:16:28 - Loss (bce) for variational model: 0.88023925
08/04/2022 00:16:33 - Start NTK PK calculation
08/04/2022 01:10:16 - End


08/04/2022 01:10:16 - Testing wrt file specs_15.json
08/04/2022 01:10:16 - Loss (bce) for variational model: 0.9050639
08/04/2022 01:10:21 - Start NTK PK calculation
08/04/2022 04:21:48 - End


08/04/2022 04:21:48 - Testing wrt file specs_16.json
08/04/2022 04:21:48 - Loss (bce) for variational model: 0.91388744
08/04/2022 04:21:54 - Start NTK PK calculation
08/04/2022 05:47:22 - End


08/04/2022 05:47:22 - Testing wrt file specs_17.json
08/04/2022 05:47:22 - Loss (bce) for variational model: 0.91081536
08/04/2022 05:47:28 - Start NTK PK calculation
08/04/2022 07:23:50 - End


08/04/2022 07:23:50 - Testing wrt file specs_18.json
08/04/2022 07:23:50 - Loss (bce) for variational model: 0.91185147
08/04/2022 07:23:57 - Start NTK PK calculation
08/04/2022 09:08:44 - End


08/04/2022 09:08:44 - Testing wrt file specs_19.json
08/04/2022 09:08:44 - Loss (bce) for variational model: 0.93674076
