Welcome


07/04/2022 09:40:49 - Testing wrt file specs_1.json
07/04/2022 09:40:49 - Loss (mse) for variational model: 18.88923
07/04/2022 09:40:51 - Start NTK PK calculation
07/04/2022 09:41:55 - End


07/04/2022 09:41:55 - Testing wrt file specs_2.json
07/04/2022 09:41:55 - Loss (mse) for variational model: 18.909533
07/04/2022 09:41:56 - Start NTK PK calculation
07/04/2022 09:45:49 - End


07/04/2022 09:45:49 - Testing wrt file specs_3.json
07/04/2022 09:45:49 - Loss (mse) for variational model: 14.361577
07/04/2022 09:45:50 - Start NTK PK calculation
07/04/2022 09:51:36 - End


07/04/2022 09:51:36 - Testing wrt file specs_4.json
07/04/2022 09:51:36 - Loss (mse) for variational model: 12.961377
07/04/2022 09:51:37 - Start NTK PK calculation
07/04/2022 10:01:23 - End


07/04/2022 10:01:23 - Testing wrt file specs_5.json
07/04/2022 10:01:23 - Loss (mse) for variational model: 16.77811
07/04/2022 10:01:25 - Start NTK PK calculation
07/04/2022 10:12:07 - End


07/04/2022 10:12:07 - Testing wrt file specs_6.json
07/04/2022 10:12:07 - Loss (mse) for variational model: 16.144533
07/04/2022 10:12:09 - Start NTK PK calculation
07/04/2022 10:27:37 - End


07/04/2022 10:27:37 - Testing wrt file specs_7.json
07/04/2022 10:27:37 - Loss (mse) for variational model: 15.24212
07/04/2022 10:27:39 - Start NTK PK calculation
07/04/2022 10:51:02 - End


07/04/2022 10:51:02 - Testing wrt file specs_8.json
07/04/2022 10:51:02 - Loss (mse) for variational model: 14.411459
07/04/2022 10:51:05 - Start NTK PK calculation
07/04/2022 11:25:11 - End


07/04/2022 11:25:11 - Testing wrt file specs_9.json
07/04/2022 11:25:11 - Loss (mse) for variational model: 15.658319
07/04/2022 11:25:13 - Start NTK PK calculation
07/04/2022 11:45:40 - End


07/04/2022 11:45:40 - Testing wrt file specs_10.json
07/04/2022 11:45:40 - Loss (mse) for variational model: 14.594322
07/04/2022 11:45:43 - Start NTK PK calculation
07/04/2022 12:16:19 - End


07/04/2022 12:16:19 - Testing wrt file specs_11.json
07/04/2022 12:16:19 - Loss (mse) for variational model: 14.499446
07/04/2022 12:16:22 - Start NTK PK calculation
07/04/2022 12:49:13 - End


07/04/2022 12:49:13 - Testing wrt file specs_12.json
07/04/2022 12:49:13 - Loss (mse) for variational model: 15.104476
07/04/2022 12:49:16 - Start NTK PK calculation
07/04/2022 13:18:50 - End


07/04/2022 13:18:50 - Testing wrt file specs_13.json
07/04/2022 13:18:50 - Loss (mse) for variational model: 15.246543
07/04/2022 13:18:53 - Start NTK PK calculation
07/04/2022 13:51:47 - End


07/04/2022 13:51:47 - Testing wrt file specs_14.json
07/04/2022 13:51:47 - Loss (mse) for variational model: 13.695274
07/04/2022 13:51:52 - Start NTK PK calculation
07/04/2022 14:29:33 - End


07/04/2022 14:29:33 - Testing wrt file specs_15.json
07/04/2022 14:29:33 - Loss (mse) for variational model: 13.403644
07/04/2022 14:29:37 - Start NTK PK calculation
07/04/2022 15:26:36 - End
