Welcome


06/04/2022 10:51:01 - Testing wrt file specs_1.json
06/04/2022 10:51:01 - Loss (bce) for variational model: 1.0067321
06/04/2022 10:51:03 - Start NTK PK calculation
06/04/2022 10:52:14 - End


06/04/2022 10:52:14 - Testing wrt file specs_2.json
06/04/2022 10:52:14 - Loss (bce) for variational model: 0.96239954
06/04/2022 10:52:15 - Start NTK PK calculation
06/04/2022 10:56:02 - End


06/04/2022 10:56:02 - Testing wrt file specs_3.json
06/04/2022 10:56:02 - Loss (bce) for variational model: 0.9372807
06/04/2022 10:56:03 - Start NTK PK calculation
06/04/2022 11:01:14 - End


06/04/2022 11:01:14 - Testing wrt file specs_4.json
06/04/2022 11:01:14 - Loss (bce) for variational model: 1.0223187
06/04/2022 11:01:15 - Start NTK PK calculation
06/04/2022 11:14:23 - End


06/04/2022 11:14:23 - Testing wrt file specs_5.json
06/04/2022 11:14:23 - Loss (bce) for variational model: 0.8880743
06/04/2022 11:14:25 - Start NTK PK calculation
06/04/2022 11:33:13 - End


06/04/2022 11:33:13 - Testing wrt file specs_6.json
06/04/2022 11:33:13 - Loss (bce) for variational model: 0.7657437
06/04/2022 11:33:15 - Start NTK PK calculation
06/04/2022 11:50:43 - End


06/04/2022 11:50:43 - Testing wrt file specs_7.json
06/04/2022 11:50:43 - Loss (bce) for variational model: 0.9325126
06/04/2022 11:50:45 - Start NTK PK calculation
06/04/2022 12:07:00 - End


06/04/2022 12:07:00 - Testing wrt file specs_8.json
06/04/2022 12:07:00 - Loss (bce) for variational model: 0.88754743
06/04/2022 12:07:03 - Start NTK PK calculation
06/04/2022 12:33:10 - End


06/04/2022 12:33:10 - Testing wrt file specs_9.json
06/04/2022 12:33:10 - Loss (bce) for variational model: 0.85800755
06/04/2022 12:33:13 - Start NTK PK calculation
06/04/2022 13:02:44 - End


06/04/2022 13:02:44 - Testing wrt file specs_10.json
06/04/2022 13:02:44 - Loss (bce) for variational model: 0.9310279
06/04/2022 13:02:47 - Start NTK PK calculation
06/04/2022 13:23:59 - End


06/04/2022 13:23:59 - Testing wrt file specs_11.json
06/04/2022 13:23:59 - Loss (bce) for variational model: 0.8842588
06/04/2022 13:24:02 - Start NTK PK calculation
06/04/2022 13:57:15 - End


06/04/2022 13:57:15 - Testing wrt file specs_12.json
06/04/2022 13:57:15 - Loss (bce) for variational model: 0.96564615
