Welcome


05/04/2022 08:56:50 - Testing wrt file specs_1.json
05/04/2022 08:56:50 - Loss (bce) for variational model: 0.97321576
05/04/2022 08:56:53 - Start NTK PK calculation
05/04/2022 08:58:35 - End


05/04/2022 08:58:35 - Testing wrt file specs_10.json
05/04/2022 08:58:35 - Loss (bce) for variational model: 0.86767447
05/04/2022 08:58:39 - Start NTK PK calculation
05/04/2022 09:31:51 - End


05/04/2022 09:31:51 - Testing wrt file specs_11.json
05/04/2022 09:31:51 - Loss (bce) for variational model: 0.9407392
05/04/2022 09:31:55 - Start NTK PK calculation
05/04/2022 10:12:58 - End


05/04/2022 10:12:58 - Testing wrt file specs_12.json
05/04/2022 10:12:58 - Loss (bce) for variational model: 0.9112446
05/04/2022 10:13:01 - Start NTK PK calculation
05/04/2022 10:42:41 - End


05/04/2022 10:42:41 - Testing wrt file specs_13.json
05/04/2022 10:42:41 - Loss (bce) for variational model: 0.93746364
05/04/2022 10:42:45 - Start NTK PK calculation
05/04/2022 11:12:30 - End


05/04/2022 11:12:30 - Testing wrt file specs_14.json
05/04/2022 11:12:30 - Loss (bce) for variational model: 0.8998864
05/04/2022 11:12:34 - Start NTK PK calculation
05/04/2022 11:57:50 - End


05/04/2022 11:57:50 - Testing wrt file specs_15.json
05/04/2022 11:57:50 - Loss (bce) for variational model: 0.9343458
05/04/2022 11:57:55 - Start NTK PK calculation
05/04/2022 12:50:44 - End


05/04/2022 12:50:44 - Testing wrt file specs_16.json
05/04/2022 12:50:44 - Loss (bce) for variational model: 0.8693999
05/04/2022 12:50:49 - Start NTK PK calculation
05/04/2022 14:02:19 - End


05/04/2022 14:02:19 - Testing wrt file specs_17.json
05/04/2022 14:02:19 - Loss (bce) for variational model: 0.95116323
