Welcome


05/04/2022 21:31:13 - Testing wrt file specs_2.json
05/04/2022 21:31:13 - Loss (bce) for variational model: 0.9650181
05/04/2022 21:31:16 - Start NTK PK calculation
05/04/2022 21:35:32 - End


05/04/2022 21:35:32 - Testing wrt file specs_3.json
05/04/2022 21:35:32 - Loss (bce) for variational model: 0.8675158
05/04/2022 21:35:34 - Start NTK PK calculation
05/04/2022 21:44:26 - End


05/04/2022 21:44:26 - Testing wrt file specs_4.json
05/04/2022 21:44:26 - Loss (bce) for variational model: 0.91685915
05/04/2022 21:44:28 - Start NTK PK calculation
05/04/2022 22:05:45 - End


05/04/2022 22:05:45 - Testing wrt file specs_5.json
05/04/2022 22:05:45 - Loss (bce) for variational model: 0.91786325
05/04/2022 22:05:47 - Start NTK PK calculation
05/04/2022 22:23:06 - End


05/04/2022 22:23:06 - Testing wrt file specs_6.json
05/04/2022 22:23:06 - Loss (bce) for variational model: 0.89132905
05/04/2022 22:23:09 - Start NTK PK calculation
05/04/2022 23:03:08 - End


05/04/2022 23:03:08 - Testing wrt file specs_7.json
05/04/2022 23:03:08 - Loss (bce) for variational model: 0.97264075
05/04/2022 23:03:11 - Start NTK PK calculation
05/04/2022 23:38:23 - End


05/04/2022 23:38:23 - Testing wrt file specs_8.json
05/04/2022 23:38:23 - Loss (bce) for variational model: 0.9129202
05/04/2022 23:38:27 - Start NTK PK calculation
06/04/2022 00:29:12 - End


06/04/2022 00:29:12 - Testing wrt file specs_9.json
06/04/2022 00:29:12 - Loss (bce) for variational model: 0.8685997
06/04/2022 00:29:15 - Start NTK PK calculation
06/04/2022 01:20:34 - End


06/04/2022 01:20:34 - Testing wrt file specs_10.json
06/04/2022 01:20:34 - Loss (bce) for variational model: 0.8999453
06/04/2022 01:20:39 - Start NTK PK calculation
06/04/2022 02:31:43 - End


06/04/2022 02:31:43 - Testing wrt file specs_11.json
06/04/2022 02:31:43 - Loss (bce) for variational model: 0.8632424
06/04/2022 02:31:48 - Start NTK PK calculation
06/04/2022 03:42:14 - End


06/04/2022 03:42:14 - Testing wrt file specs_12.json
06/04/2022 03:42:14 - Loss (bce) for variational model: 0.9320959
06/04/2022 03:42:19 - Start NTK PK calculation
06/04/2022 05:24:15 - End


06/04/2022 05:24:15 - Testing wrt file specs_13.json
06/04/2022 05:24:15 - Loss (bce) for variational model: 0.89721084
06/04/2022 05:24:21 - Start NTK PK calculation
06/04/2022 06:50:58 - End


06/04/2022 06:50:58 - Testing wrt file specs_14.json
06/04/2022 06:50:58 - Loss (bce) for variational model: 0.8895089
06/04/2022 06:51:05 - Start NTK PK calculation
06/04/2022 08:12:02 - End


06/04/2022 08:12:02 - Testing wrt file specs_15.json
06/04/2022 08:12:02 - Loss (bce) for variational model: 0.87127817
06/04/2022 08:12:08 - Start NTK PK calculation
06/04/2022 09:37:55 - End


06/04/2022 09:37:55 - Testing wrt file specs_16.json
06/04/2022 09:37:55 - Loss (bce) for variational model: 0.8854715
06/04/2022 09:38:03 - Start NTK PK calculation
06/04/2022 11:35:54 - End


06/04/2022 11:35:54 - Testing wrt file specs_17.json
06/04/2022 11:35:54 - Loss (bce) for variational model: 0.9302661
06/04/2022 11:36:00 - Start NTK PK calculation
06/04/2022 12:59:30 - End


06/04/2022 12:59:30 - Testing wrt file specs_18.json
06/04/2022 12:59:30 - Loss (bce) for variational model: 0.97609574
06/04/2022 12:59:38 - Start NTK PK calculation
06/04/2022 15:48:37 - End


06/04/2022 15:48:37 - Testing wrt file specs_19.json
06/04/2022 15:48:37 - Loss (bce) for variational model: 0.85806787
