Welcome
specs_1.json already contains a testing set! The new instructions are ignored. The old set is kept
specs_2.json already contains a testing set! The new instructions are ignored. The old set is kept
specs_3.json already contains a testing set! The new instructions are ignored. The old set is kept
specs_4.json already contains a testing set! The new instructions are ignored. The old set is kept
specs_5.json already contains a testing set! The new instructions are ignored. The old set is kept
specs_6.json already contains a testing set! The new instructions are ignored. The old set is kept
specs_7.json already contains a testing set! The new instructions are ignored. The old set is kept
specs_8.json already contains a testing set! The new instructions are ignored. The old set is kept
specs_9.json already contains a testing set! The new instructions are ignored. The old set is kept
specs_10.json already contains a testing set! The new instructions are ignored. The old set is kept
specs_11.json already contains a testing set! The new instructions are ignored. The old set is kept
specs_12.json already contains a testing set! The new instructions are ignored. The old set is kept
specs_13.json already contains a testing set! The new instructions are ignored. The old set is kept
specs_14.json already contains a testing set! The new instructions are ignored. The old set is kept
specs_15.json already contains a testing set! The new instructions are ignored. The old set is kept
specs_16.json already contains a testing set! The new instructions are ignored. The old set is kept
specs_17.json already contains a testing set! The new instructions are ignored. The old set is kept
specs_18.json already contains a testing set! The new instructions are ignored. The old set is kept
specs_19.json already contains a testing set! The new instructions are ignored. The old set is kept
specs_20.json already contains a testing set! The new instructions are ignored. The old set is kept


05/04/2022 08:56:25 - Testing wrt file specs_1.json
05/04/2022 08:56:25 - Loss (bce) for variational model: 1.0098048
05/04/2022 08:56:27 - Start NTK PK calculation
05/04/2022 08:57:13 - End


05/04/2022 08:57:13 - Testing wrt file specs_2.json
05/04/2022 08:57:13 - Loss (bce) for variational model: 1.023454
